{"/Users/macbookair/vildy/app.js": {"path":"/Users/macbookair/vildy/app.js","statementMap":{"0":{"start":{"line":1,"column":16},"end":{"line":1,"column":34}},"1":{"start":{"line":2,"column":12},"end":{"line":2,"column":21}},"2":{"start":{"line":3,"column":15},"end":{"line":3,"column":32}},"3":{"start":{"line":4,"column":15},"end":{"line":4,"column":32}},"4":{"start":{"line":6,"column":19},"end":{"line":6,"column":41}},"5":{"start":{"line":9,"column":0},"end":{"line":9,"column":27}},"6":{"start":{"line":10,"column":0},"end":{"line":10,"column":33}},"7":{"start":{"line":11,"column":0},"end":{"line":11,"column":26}},"8":{"start":{"line":12,"column":0},"end":{"line":12,"column":30}},"9":{"start":{"line":14,"column":24},"end":{"line":14,"column":55}},"10":{"start":{"line":16,"column":0},"end":{"line":16,"column":24}},"11":{"start":{"line":17,"column":0},"end":{"line":17,"column":27}},"12":{"start":{"line":18,"column":0},"end":{"line":18,"column":48}},"13":{"start":{"line":20,"column":0},"end":{"line":20,"column":18}},"14":{"start":{"line":21,"column":0},"end":{"line":25,"column":1}},"15":{"start":{"line":22,"column":4},"end":{"line":22,"column":40}},"16":{"start":{"line":23,"column":4},"end":{"line":23,"column":28}},"17":{"start":{"line":24,"column":4},"end":{"line":24,"column":80}},"18":{"start":{"line":28,"column":24},"end":{"line":28,"column":53}},"19":{"start":{"line":29,"column":0},"end":{"line":29,"column":25}},"20":{"start":{"line":31,"column":13},"end":{"line":31,"column":37}},"21":{"start":{"line":32,"column":15},"end":{"line":34,"column":2}},"22":{"start":{"line":33,"column":4},"end":{"line":33,"column":45}},"23":{"start":{"line":36,"column":0},"end":{"line":36,"column":24}}},"fnMap":{"0":{"name":"(anonymous_0)","decl":{"start":{"line":32,"column":32},"end":{"line":32,"column":33}},"loc":{"start":{"line":32,"column":38},"end":{"line":34,"column":1}},"line":32}},"branchMap":{"0":{"loc":{"start":{"line":21,"column":0},"end":{"line":25,"column":1}},"type":"if","locations":[{"start":{"line":21,"column":0},"end":{"line":25,"column":1}},{"start":{},"end":{}}],"line":21},"1":{"loc":{"start":{"line":31,"column":13},"end":{"line":31,"column":37}},"type":"binary-expr","locations":[{"start":{"line":31,"column":13},"end":{"line":31,"column":29}},{"start":{"line":31,"column":33},"end":{"line":31,"column":37}}],"line":31}},"s":{"0":2,"1":2,"2":2,"3":2,"4":2,"5":2,"6":2,"7":2,"8":2,"9":2,"10":2,"11":2,"12":2,"13":2,"14":2,"15":0,"16":0,"17":0,"18":2,"19":2,"20":2,"21":2,"22":2,"23":2},"f":{"0":2},"b":{"0":[0,2],"1":[2,0]},"_coverageSchema":"1a1c01bbd47fc00a2c39e90264f33305004495a9","hash":"1a8313829dac37484aca057ae77be30ca9f0336e"}
,"/Users/macbookair/vildy/middlewares/admin.js": {"path":"/Users/macbookair/vildy/middlewares/admin.js","statementMap":{"0":{"start":{"line":4,"column":4},"end":{"line":7,"column":5}},"1":{"start":{"line":5,"column":8},"end":{"line":5,"column":56}},"2":{"start":{"line":8,"column":4},"end":{"line":8,"column":11}},"3":{"start":{"line":11,"column":0},"end":{"line":11,"column":22}}},"fnMap":{"0":{"name":"auth","decl":{"start":{"line":1,"column":9},"end":{"line":1,"column":13}},"loc":{"start":{"line":1,"column":30},"end":{"line":9,"column":1}},"line":1}},"branchMap":{"0":{"loc":{"start":{"line":4,"column":4},"end":{"line":7,"column":5}},"type":"if","locations":[{"start":{"line":4,"column":4},"end":{"line":7,"column":5}},{"start":{},"end":{}}],"line":4}},"s":{"0":0,"1":0,"2":0,"3":2},"f":{"0":0},"b":{"0":[0,0]},"_coverageSchema":"1a1c01bbd47fc00a2c39e90264f33305004495a9","hash":"41766f5fc679d9b1b59990da48e3963cee3fd19f"}
,"/Users/macbookair/vildy/middlewares/auth.js": {"path":"/Users/macbookair/vildy/middlewares/auth.js","statementMap":{"0":{"start":{"line":1,"column":12},"end":{"line":1,"column":35}},"1":{"start":{"line":2,"column":15},"end":{"line":2,"column":32}},"2":{"start":{"line":5,"column":22},"end":{"line":5,"column":49}},"3":{"start":{"line":6,"column":18},"end":{"line":6,"column":44}},"4":{"start":{"line":8,"column":4},"end":{"line":10,"column":5}},"5":{"start":{"line":9,"column":8},"end":{"line":9,"column":94}},"6":{"start":{"line":11,"column":4},"end":{"line":17,"column":5}},"7":{"start":{"line":12,"column":24},"end":{"line":12,"column":52}},"8":{"start":{"line":13,"column":8},"end":{"line":13,"column":27}},"9":{"start":{"line":14,"column":8},"end":{"line":14,"column":15}},"10":{"start":{"line":16,"column":8},"end":{"line":16,"column":46}},"11":{"start":{"line":20,"column":0},"end":{"line":20,"column":22}}},"fnMap":{"0":{"name":"auth","decl":{"start":{"line":4,"column":9},"end":{"line":4,"column":13}},"loc":{"start":{"line":4,"column":30},"end":{"line":18,"column":1}},"line":4}},"branchMap":{"0":{"loc":{"start":{"line":8,"column":4},"end":{"line":10,"column":5}},"type":"if","locations":[{"start":{"line":8,"column":4},"end":{"line":10,"column":5}},{"start":{},"end":{}}],"line":8}},"s":{"0":2,"1":2,"2":7,"3":7,"4":7,"5":2,"6":5,"7":5,"8":4,"9":4,"10":1,"11":2},"f":{"0":7},"b":{"0":[2,5]},"_coverageSchema":"1a1c01bbd47fc00a2c39e90264f33305004495a9","hash":"9ff3440d92b84e5c0db63642b9c4d674b8bbfe41"}
,"/Users/macbookair/vildy/middlewares/error.js": {"path":"/Users/macbookair/vildy/middlewares/error.js","statementMap":{"0":{"start":{"line":1,"column":16},"end":{"line":1,"column":34}},"1":{"start":{"line":3,"column":4},"end":{"line":3,"column":36}},"2":{"start":{"line":4,"column":4},"end":{"line":4,"column":62}},"3":{"start":{"line":19,"column":0},"end":{"line":19,"column":28}}},"fnMap":{"0":{"name":"errHandler","decl":{"start":{"line":2,"column":9},"end":{"line":2,"column":19}},"loc":{"start":{"line":2,"column":41},"end":{"line":17,"column":1}},"line":2}},"branchMap":{},"s":{"0":2,"1":0,"2":0,"3":2},"f":{"0":0},"b":{},"_coverageSchema":"1a1c01bbd47fc00a2c39e90264f33305004495a9","hash":"fb3e3ebd4386677df74bd224e00b9e12aabe7e9f"}
,"/Users/macbookair/vildy/models/genre.js": {"path":"/Users/macbookair/vildy/models/genre.js","statementMap":{"0":{"start":{"line":2,"column":17},"end":{"line":2,"column":36}},"1":{"start":{"line":4,"column":20},"end":{"line":6,"column":2}},"2":{"start":{"line":8,"column":14},"end":{"line":8,"column":50}},"3":{"start":{"line":10,"column":0},"end":{"line":13,"column":2}}},"fnMap":{},"branchMap":{},"s":{"0":2,"1":2,"2":2,"3":2},"f":{},"b":{},"_coverageSchema":"1a1c01bbd47fc00a2c39e90264f33305004495a9","hash":"20ca3552ae9b822c0d23a75e289102f22d8bb075"}
,"/Users/macbookair/vildy/models/members.js": {"path":"/Users/macbookair/vildy/models/members.js","statementMap":{"0":{"start":{"line":1,"column":17},"end":{"line":1,"column":36}},"1":{"start":{"line":3,"column":21},"end":{"line":8,"column":2}},"2":{"start":{"line":10,"column":15},"end":{"line":10,"column":53}},"3":{"start":{"line":13,"column":19},"end":{"line":17,"column":6}},"4":{"start":{"line":18,"column":4},"end":{"line":23,"column":5}},"5":{"start":{"line":19,"column":23},"end":{"line":19,"column":42}},"6":{"start":{"line":20,"column":8},"end":{"line":20,"column":28}},"7":{"start":{"line":22,"column":8},"end":{"line":22,"column":27}},"8":{"start":{"line":26,"column":0},"end":{"line":26,"column":42}}},"fnMap":{"0":{"name":"createMember","decl":{"start":{"line":12,"column":15},"end":{"line":12,"column":27}},"loc":{"start":{"line":12,"column":30},"end":{"line":24,"column":1}},"line":12}},"branchMap":{},"s":{"0":2,"1":2,"2":2,"3":0,"4":0,"5":0,"6":0,"7":0,"8":2},"f":{"0":0},"b":{},"_coverageSchema":"1a1c01bbd47fc00a2c39e90264f33305004495a9","hash":"cea15abdb049b662577a0d4070a4b33f97fe8d5c"}
,"/Users/macbookair/vildy/models/movies.js": {"path":"/Users/macbookair/vildy/models/movies.js","statementMap":{"0":{"start":{"line":1,"column":17},"end":{"line":1,"column":36}},"1":{"start":{"line":3,"column":20},"end":{"line":26,"column":2}},"2":{"start":{"line":28,"column":14},"end":{"line":28,"column":50}},"3":{"start":{"line":30,"column":0},"end":{"line":30,"column":23}}},"fnMap":{},"branchMap":{},"s":{"0":2,"1":2,"2":2,"3":2},"f":{},"b":{},"_coverageSchema":"1a1c01bbd47fc00a2c39e90264f33305004495a9","hash":"1869116fc1e4465c98447751102043d6fb8e1d35"}
,"/Users/macbookair/vildy/models/rental.js": {"path":"/Users/macbookair/vildy/models/rental.js","statementMap":{"0":{"start":{"line":1,"column":17},"end":{"line":1,"column":36}},"1":{"start":{"line":3,"column":15},"end":{"line":54,"column":3}},"2":{"start":{"line":57,"column":0},"end":{"line":57,"column":24}}},"fnMap":{},"branchMap":{},"s":{"0":2,"1":2,"2":2},"f":{},"b":{},"_coverageSchema":"1a1c01bbd47fc00a2c39e90264f33305004495a9","hash":"f7add857198c78521ccbc83ee025be4f1a559d27"}
,"/Users/macbookair/vildy/models/users.js": {"path":"/Users/macbookair/vildy/models/users.js","statementMap":{"0":{"start":{"line":1,"column":17},"end":{"line":1,"column":36}},"1":{"start":{"line":2,"column":12},"end":{"line":2,"column":35}},"2":{"start":{"line":3,"column":15},"end":{"line":3,"column":32}},"3":{"start":{"line":4,"column":19},"end":{"line":29,"column":2}},"4":{"start":{"line":30,"column":0},"end":{"line":35,"column":1}},"5":{"start":{"line":31,"column":20},"end":{"line":31,"column":37}},"6":{"start":{"line":32,"column":22},"end":{"line":32,"column":49}},"7":{"start":{"line":33,"column":18},"end":{"line":33,"column":46}},"8":{"start":{"line":34,"column":4},"end":{"line":34,"column":17}},"9":{"start":{"line":36,"column":13},"end":{"line":36,"column":47}},"10":{"start":{"line":38,"column":0},"end":{"line":38,"column":22}}},"fnMap":{"0":{"name":"(anonymous_0)","decl":{"start":{"line":30,"column":38},"end":{"line":30,"column":39}},"loc":{"start":{"line":30,"column":50},"end":{"line":35,"column":1}},"line":30}},"branchMap":{},"s":{"0":3,"1":3,"2":3,"3":3,"4":3,"5":0,"6":0,"7":0,"8":0,"9":3,"10":3},"f":{"0":0},"b":{},"_coverageSchema":"1a1c01bbd47fc00a2c39e90264f33305004495a9","hash":"90e1cad65ed9e4f4ee763b1c3b17d2c0f808bbcd"}
,"/Users/macbookair/vildy/routes/auth.js": {"path":"/Users/macbookair/vildy/routes/auth.js","statementMap":{"0":{"start":{"line":1,"column":16},"end":{"line":1,"column":34}},"1":{"start":{"line":2,"column":15},"end":{"line":2,"column":31}},"2":{"start":{"line":3,"column":35},"end":{"line":3,"column":63}},"3":{"start":{"line":4,"column":13},"end":{"line":4,"column":39}},"4":{"start":{"line":5,"column":15},"end":{"line":5,"column":32}},"5":{"start":{"line":6,"column":12},"end":{"line":6,"column":35}},"6":{"start":{"line":7,"column":15},"end":{"line":7,"column":32}},"7":{"start":{"line":8,"column":15},"end":{"line":8,"column":32}},"8":{"start":{"line":9,"column":0},"end":{"line":9,"column":27}},"9":{"start":{"line":11,"column":17},"end":{"line":14,"column":1}},"10":{"start":{"line":16,"column":0},"end":{"line":19,"column":3}},"11":{"start":{"line":17,"column":18},"end":{"line":17,"column":35}},"12":{"start":{"line":18,"column":4},"end":{"line":18,"column":20}},"13":{"start":{"line":21,"column":0},"end":{"line":43,"column":3}},"14":{"start":{"line":22,"column":4},"end":{"line":42,"column":5}},"15":{"start":{"line":23,"column":23},"end":{"line":23,"column":44}},"16":{"start":{"line":24,"column":8},"end":{"line":26,"column":9}},"17":{"start":{"line":25,"column":12},"end":{"line":25,"column":68}},"18":{"start":{"line":28,"column":21},"end":{"line":28,"column":66}},"19":{"start":{"line":29,"column":8},"end":{"line":31,"column":9}},"20":{"start":{"line":30,"column":12},"end":{"line":30,"column":71}},"21":{"start":{"line":33,"column":30},"end":{"line":33,"column":84}},"22":{"start":{"line":34,"column":8},"end":{"line":36,"column":9}},"23":{"start":{"line":35,"column":12},"end":{"line":35,"column":71}},"24":{"start":{"line":37,"column":22},"end":{"line":37,"column":46}},"25":{"start":{"line":38,"column":8},"end":{"line":38,"column":24}},"26":{"start":{"line":40,"column":8},"end":{"line":40,"column":29}},"27":{"start":{"line":41,"column":8},"end":{"line":41,"column":60}},"28":{"start":{"line":45,"column":0},"end":{"line":45,"column":24}}},"fnMap":{"0":{"name":"(anonymous_0)","decl":{"start":{"line":16,"column":16},"end":{"line":16,"column":17}},"loc":{"start":{"line":16,"column":36},"end":{"line":19,"column":1}},"line":16},"1":{"name":"(anonymous_1)","decl":{"start":{"line":21,"column":27},"end":{"line":21,"column":28}},"loc":{"start":{"line":21,"column":47},"end":{"line":43,"column":1}},"line":21}},"branchMap":{"0":{"loc":{"start":{"line":24,"column":8},"end":{"line":26,"column":9}},"type":"if","locations":[{"start":{"line":24,"column":8},"end":{"line":26,"column":9}},{"start":{},"end":{}}],"line":24},"1":{"loc":{"start":{"line":29,"column":8},"end":{"line":31,"column":9}},"type":"if","locations":[{"start":{"line":29,"column":8},"end":{"line":31,"column":9}},{"start":{},"end":{}}],"line":29},"2":{"loc":{"start":{"line":34,"column":8},"end":{"line":36,"column":9}},"type":"if","locations":[{"start":{"line":34,"column":8},"end":{"line":36,"column":9}},{"start":{},"end":{}}],"line":34}},"s":{"0":2,"1":2,"2":2,"3":2,"4":2,"5":2,"6":2,"7":2,"8":2,"9":2,"10":2,"11":0,"12":0,"13":2,"14":0,"15":0,"16":0,"17":0,"18":0,"19":0,"20":0,"21":0,"22":0,"23":0,"24":0,"25":0,"26":0,"27":0,"28":2},"f":{"0":0,"1":0},"b":{"0":[0,0],"1":[0,0],"2":[0,0]},"_coverageSchema":"1a1c01bbd47fc00a2c39e90264f33305004495a9","hash":"d82b8a0aa5b68f726853990598858d11024da211"}
,"/Users/macbookair/vildy/routes/genres.js": {"path":"/Users/macbookair/vildy/routes/genres.js","statementMap":{"0":{"start":{"line":2,"column":13},"end":{"line":2,"column":43}},"1":{"start":{"line":3,"column":19},"end":{"line":3,"column":50}},"2":{"start":{"line":4,"column":16},"end":{"line":4,"column":34}},"3":{"start":{"line":5,"column":15},"end":{"line":5,"column":31}},"4":{"start":{"line":6,"column":35},"end":{"line":6,"column":63}},"5":{"start":{"line":7,"column":18},"end":{"line":7,"column":44}},"6":{"start":{"line":8,"column":0},"end":{"line":8,"column":27}},"7":{"start":{"line":10,"column":27},"end":{"line":12,"column":1}},"8":{"start":{"line":15,"column":18},"end":{"line":17,"column":6}},"9":{"start":{"line":18,"column":4},"end":{"line":23,"column":5}},"10":{"start":{"line":19,"column":23},"end":{"line":19,"column":41}},"11":{"start":{"line":20,"column":8},"end":{"line":20,"column":28}},"12":{"start":{"line":22,"column":8},"end":{"line":22,"column":26}},"13":{"start":{"line":28,"column":0},"end":{"line":32,"column":3}},"14":{"start":{"line":30,"column":18},"end":{"line":30,"column":36}},"15":{"start":{"line":31,"column":4},"end":{"line":31,"column":20}},"16":{"start":{"line":34,"column":0},"end":{"line":46,"column":3}},"17":{"start":{"line":35,"column":20},"end":{"line":35,"column":33}},"18":{"start":{"line":36,"column":4},"end":{"line":45,"column":5}},"19":{"start":{"line":37,"column":30},"end":{"line":37,"column":59}},"20":{"start":{"line":38,"column":8},"end":{"line":42,"column":9}},"21":{"start":{"line":39,"column":12},"end":{"line":39,"column":85}},"22":{"start":{"line":41,"column":12},"end":{"line":41,"column":36}},"23":{"start":{"line":44,"column":8},"end":{"line":44,"column":27}},"24":{"start":{"line":48,"column":0},"end":{"line":67,"column":3}},"25":{"start":{"line":51,"column":19},"end":{"line":51,"column":40}},"26":{"start":{"line":52,"column":4},"end":{"line":55,"column":5}},"27":{"start":{"line":53,"column":8},"end":{"line":53,"column":58}},"28":{"start":{"line":53,"column":48},"end":{"line":53,"column":55}},"29":{"start":{"line":54,"column":8},"end":{"line":54,"column":64}},"30":{"start":{"line":57,"column":18},"end":{"line":59,"column":6}},"31":{"start":{"line":60,"column":4},"end":{"line":66,"column":5}},"32":{"start":{"line":61,"column":23},"end":{"line":61,"column":41}},"33":{"start":{"line":62,"column":8},"end":{"line":62,"column":24}},"34":{"start":{"line":63,"column":8},"end":{"line":63,"column":28}},"35":{"start":{"line":65,"column":8},"end":{"line":65,"column":26}},"36":{"start":{"line":70,"column":26},"end":{"line":72,"column":1}},"37":{"start":{"line":74,"column":0},"end":{"line":93,"column":3}},"38":{"start":{"line":75,"column":20},"end":{"line":75,"column":33}},"39":{"start":{"line":76,"column":4},"end":{"line":92,"column":5}},"40":{"start":{"line":77,"column":30},"end":{"line":83,"column":9}},"41":{"start":{"line":84,"column":8},"end":{"line":88,"column":9}},"42":{"start":{"line":85,"column":12},"end":{"line":85,"column":93}},"43":{"start":{"line":87,"column":12},"end":{"line":87,"column":36}},"44":{"start":{"line":90,"column":8},"end":{"line":90,"column":53}},"45":{"start":{"line":91,"column":8},"end":{"line":91,"column":27}},"46":{"start":{"line":95,"column":0},"end":{"line":105,"column":3}},"47":{"start":{"line":96,"column":20},"end":{"line":96,"column":33}},"48":{"start":{"line":97,"column":4},"end":{"line":104,"column":5}},"49":{"start":{"line":98,"column":23},"end":{"line":98,"column":61}},"50":{"start":{"line":99,"column":8},"end":{"line":99,"column":28}},"51":{"start":{"line":100,"column":8},"end":{"line":100,"column":47}},"52":{"start":{"line":102,"column":8},"end":{"line":102,"column":53}},"53":{"start":{"line":103,"column":8},"end":{"line":103,"column":27}},"54":{"start":{"line":107,"column":0},"end":{"line":107,"column":24}}},"fnMap":{"0":{"name":"createGenre","decl":{"start":{"line":14,"column":15},"end":{"line":14,"column":26}},"loc":{"start":{"line":14,"column":29},"end":{"line":24,"column":1}},"line":14},"1":{"name":"(anonymous_1)","decl":{"start":{"line":28,"column":16},"end":{"line":28,"column":17}},"loc":{"start":{"line":28,"column":36},"end":{"line":32,"column":1}},"line":28},"2":{"name":"(anonymous_2)","decl":{"start":{"line":34,"column":19},"end":{"line":34,"column":20}},"loc":{"start":{"line":34,"column":39},"end":{"line":46,"column":1}},"line":34},"3":{"name":"(anonymous_3)","decl":{"start":{"line":48,"column":43},"end":{"line":48,"column":44}},"loc":{"start":{"line":48,"column":63},"end":{"line":67,"column":1}},"line":48},"4":{"name":"(anonymous_4)","decl":{"start":{"line":53,"column":39},"end":{"line":53,"column":40}},"loc":{"start":{"line":53,"column":48},"end":{"line":53,"column":55}},"line":53},"5":{"name":"(anonymous_5)","decl":{"start":{"line":74,"column":38},"end":{"line":74,"column":39}},"loc":{"start":{"line":74,"column":58},"end":{"line":93,"column":1}},"line":74},"6":{"name":"(anonymous_6)","decl":{"start":{"line":95,"column":42},"end":{"line":95,"column":43}},"loc":{"start":{"line":95,"column":62},"end":{"line":105,"column":1}},"line":95}},"branchMap":{"0":{"loc":{"start":{"line":38,"column":8},"end":{"line":42,"column":9}},"type":"if","locations":[{"start":{"line":38,"column":8},"end":{"line":42,"column":9}},{"start":{"line":40,"column":15},"end":{"line":42,"column":9}}],"line":38},"1":{"loc":{"start":{"line":52,"column":4},"end":{"line":55,"column":5}},"type":"if","locations":[{"start":{"line":52,"column":4},"end":{"line":55,"column":5}},{"start":{},"end":{}}],"line":52},"2":{"loc":{"start":{"line":84,"column":8},"end":{"line":88,"column":9}},"type":"if","locations":[{"start":{"line":84,"column":8},"end":{"line":88,"column":9}},{"start":{"line":86,"column":15},"end":{"line":88,"column":9}}],"line":84}},"s":{"0":2,"1":2,"2":2,"3":2,"4":2,"5":2,"6":2,"7":2,"8":0,"9":0,"10":0,"11":0,"12":0,"13":2,"14":1,"15":1,"16":2,"17":2,"18":2,"19":2,"20":2,"21":1,"22":1,"23":0,"24":2,"25":4,"26":4,"27":1,"28":1,"29":1,"30":3,"31":3,"32":3,"33":3,"34":3,"35":0,"36":2,"37":2,"38":0,"39":0,"40":0,"41":0,"42":0,"43":0,"44":0,"45":0,"46":2,"47":0,"48":0,"49":0,"50":0,"51":0,"52":0,"53":0,"54":2},"f":{"0":0,"1":1,"2":2,"3":4,"4":1,"5":0,"6":0},"b":{"0":[1,1],"1":[1,3],"2":[0,0]},"_coverageSchema":"1a1c01bbd47fc00a2c39e90264f33305004495a9","hash":"3980b3331228b19b19f6f800be93fa2665b1978d"}
,"/Users/macbookair/vildy/routes/home.js": {"path":"/Users/macbookair/vildy/routes/home.js","statementMap":{"0":{"start":{"line":1,"column":16},"end":{"line":1,"column":34}},"1":{"start":{"line":2,"column":15},"end":{"line":2,"column":31}},"2":{"start":{"line":4,"column":0},"end":{"line":6,"column":2}},"3":{"start":{"line":5,"column":4},"end":{"line":5,"column":43}},"4":{"start":{"line":8,"column":0},"end":{"line":8,"column":24}}},"fnMap":{"0":{"name":"(anonymous_0)","decl":{"start":{"line":4,"column":16},"end":{"line":4,"column":17}},"loc":{"start":{"line":4,"column":30},"end":{"line":6,"column":1}},"line":4}},"branchMap":{},"s":{"0":2,"1":2,"2":2,"3":0,"4":2},"f":{"0":0},"b":{},"_coverageSchema":"1a1c01bbd47fc00a2c39e90264f33305004495a9","hash":"bf5c1107fed9b5d41a909047d997a89742f23d8e"}
,"/Users/macbookair/vildy/routes/members.js": {"path":"/Users/macbookair/vildy/routes/members.js","statementMap":{"0":{"start":{"line":1,"column":16},"end":{"line":1,"column":34}},"1":{"start":{"line":2,"column":15},"end":{"line":2,"column":31}},"2":{"start":{"line":3,"column":35},"end":{"line":3,"column":63}},"3":{"start":{"line":4,"column":33},"end":{"line":4,"column":61}},"4":{"start":{"line":6,"column":0},"end":{"line":6,"column":27}},"5":{"start":{"line":8,"column":0},"end":{"line":11,"column":3}},"6":{"start":{"line":9,"column":20},"end":{"line":9,"column":39}},"7":{"start":{"line":10,"column":4},"end":{"line":10,"column":22}},"8":{"start":{"line":13,"column":0},"end":{"line":25,"column":3}},"9":{"start":{"line":14,"column":20},"end":{"line":14,"column":33}},"10":{"start":{"line":15,"column":4},"end":{"line":24,"column":5}},"11":{"start":{"line":16,"column":31},"end":{"line":16,"column":61}},"12":{"start":{"line":17,"column":8},"end":{"line":21,"column":9}},"13":{"start":{"line":18,"column":12},"end":{"line":18,"column":86}},"14":{"start":{"line":20,"column":12},"end":{"line":20,"column":37}},"15":{"start":{"line":23,"column":8},"end":{"line":23,"column":27}},"16":{"start":{"line":27,"column":27},"end":{"line":29,"column":1}},"17":{"start":{"line":31,"column":0},"end":{"line":52,"column":3}},"18":{"start":{"line":32,"column":4},"end":{"line":32,"column":26}},"19":{"start":{"line":34,"column":19},"end":{"line":34,"column":40}},"20":{"start":{"line":35,"column":4},"end":{"line":38,"column":5}},"21":{"start":{"line":36,"column":8},"end":{"line":36,"column":58}},"22":{"start":{"line":36,"column":48},"end":{"line":36,"column":55}},"23":{"start":{"line":37,"column":8},"end":{"line":37,"column":64}},"24":{"start":{"line":40,"column":19},"end":{"line":44,"column":6}},"25":{"start":{"line":45,"column":4},"end":{"line":51,"column":5}},"26":{"start":{"line":46,"column":23},"end":{"line":46,"column":42}},"27":{"start":{"line":47,"column":8},"end":{"line":47,"column":25}},"28":{"start":{"line":48,"column":8},"end":{"line":48,"column":28}},"29":{"start":{"line":50,"column":8},"end":{"line":50,"column":26}},"30":{"start":{"line":54,"column":26},"end":{"line":56,"column":1}},"31":{"start":{"line":58,"column":0},"end":{"line":79,"column":3}},"32":{"start":{"line":59,"column":20},"end":{"line":59,"column":33}},"33":{"start":{"line":60,"column":4},"end":{"line":78,"column":5}},"34":{"start":{"line":61,"column":31},"end":{"line":69,"column":9}},"35":{"start":{"line":70,"column":8},"end":{"line":74,"column":9}},"36":{"start":{"line":71,"column":12},"end":{"line":71,"column":94}},"37":{"start":{"line":73,"column":12},"end":{"line":73,"column":37}},"38":{"start":{"line":76,"column":8},"end":{"line":76,"column":53}},"39":{"start":{"line":77,"column":8},"end":{"line":77,"column":27}},"40":{"start":{"line":81,"column":0},"end":{"line":91,"column":3}},"41":{"start":{"line":82,"column":21},"end":{"line":82,"column":34}},"42":{"start":{"line":83,"column":4},"end":{"line":90,"column":5}},"43":{"start":{"line":84,"column":23},"end":{"line":84,"column":63}},"44":{"start":{"line":85,"column":8},"end":{"line":85,"column":28}},"45":{"start":{"line":86,"column":8},"end":{"line":86,"column":47}},"46":{"start":{"line":88,"column":8},"end":{"line":88,"column":53}},"47":{"start":{"line":89,"column":8},"end":{"line":89,"column":27}},"48":{"start":{"line":93,"column":0},"end":{"line":93,"column":24}}},"fnMap":{"0":{"name":"(anonymous_0)","decl":{"start":{"line":8,"column":16},"end":{"line":8,"column":17}},"loc":{"start":{"line":8,"column":36},"end":{"line":11,"column":1}},"line":8},"1":{"name":"(anonymous_1)","decl":{"start":{"line":13,"column":19},"end":{"line":13,"column":20}},"loc":{"start":{"line":13,"column":39},"end":{"line":25,"column":1}},"line":13},"2":{"name":"(anonymous_2)","decl":{"start":{"line":31,"column":37},"end":{"line":31,"column":38}},"loc":{"start":{"line":31,"column":57},"end":{"line":52,"column":1}},"line":31},"3":{"name":"(anonymous_3)","decl":{"start":{"line":36,"column":39},"end":{"line":36,"column":40}},"loc":{"start":{"line":36,"column":48},"end":{"line":36,"column":55}},"line":36},"4":{"name":"(anonymous_4)","decl":{"start":{"line":58,"column":38},"end":{"line":58,"column":39}},"loc":{"start":{"line":58,"column":58},"end":{"line":79,"column":1}},"line":58},"5":{"name":"(anonymous_5)","decl":{"start":{"line":81,"column":22},"end":{"line":81,"column":23}},"loc":{"start":{"line":81,"column":42},"end":{"line":91,"column":1}},"line":81}},"branchMap":{"0":{"loc":{"start":{"line":17,"column":8},"end":{"line":21,"column":9}},"type":"if","locations":[{"start":{"line":17,"column":8},"end":{"line":21,"column":9}},{"start":{"line":19,"column":15},"end":{"line":21,"column":9}}],"line":17},"1":{"loc":{"start":{"line":35,"column":4},"end":{"line":38,"column":5}},"type":"if","locations":[{"start":{"line":35,"column":4},"end":{"line":38,"column":5}},{"start":{},"end":{}}],"line":35},"2":{"loc":{"start":{"line":70,"column":8},"end":{"line":74,"column":9}},"type":"if","locations":[{"start":{"line":70,"column":8},"end":{"line":74,"column":9}},{"start":{"line":72,"column":15},"end":{"line":74,"column":9}}],"line":70}},"s":{"0":2,"1":2,"2":2,"3":2,"4":2,"5":2,"6":0,"7":0,"8":2,"9":0,"10":0,"11":0,"12":0,"13":0,"14":0,"15":0,"16":2,"17":2,"18":0,"19":0,"20":0,"21":0,"22":0,"23":0,"24":0,"25":0,"26":0,"27":0,"28":0,"29":0,"30":2,"31":2,"32":0,"33":0,"34":0,"35":0,"36":0,"37":0,"38":0,"39":0,"40":2,"41":0,"42":0,"43":0,"44":0,"45":0,"46":0,"47":0,"48":2},"f":{"0":0,"1":0,"2":0,"3":0,"4":0,"5":0},"b":{"0":[0,0],"1":[0,0],"2":[0,0]},"_coverageSchema":"1a1c01bbd47fc00a2c39e90264f33305004495a9","hash":"82c312846b407bac6786018ab43f53335389be07"}
,"/Users/macbookair/vildy/routes/movies.js": {"path":"/Users/macbookair/vildy/routes/movies.js","statementMap":{"0":{"start":{"line":1,"column":16},"end":{"line":1,"column":34}},"1":{"start":{"line":2,"column":15},"end":{"line":2,"column":31}},"2":{"start":{"line":3,"column":35},"end":{"line":3,"column":63}},"3":{"start":{"line":4,"column":14},"end":{"line":4,"column":41}},"4":{"start":{"line":5,"column":18},"end":{"line":5,"column":44}},"5":{"start":{"line":7,"column":0},"end":{"line":7,"column":27}},"6":{"start":{"line":10,"column":4},"end":{"line":28,"column":5}},"7":{"start":{"line":11,"column":22},"end":{"line":11,"column":62}},"8":{"start":{"line":12,"column":8},"end":{"line":15,"column":9}},"9":{"start":{"line":13,"column":12},"end":{"line":13,"column":44}},"10":{"start":{"line":14,"column":12},"end":{"line":14,"column":19}},"11":{"start":{"line":17,"column":22},"end":{"line":22,"column":10}},"12":{"start":{"line":24,"column":23},"end":{"line":24,"column":41}},"13":{"start":{"line":25,"column":8},"end":{"line":25,"column":50}},"14":{"start":{"line":27,"column":8},"end":{"line":27,"column":51}},"15":{"start":{"line":31,"column":0},"end":{"line":46,"column":3}},"16":{"start":{"line":32,"column":4},"end":{"line":45,"column":5}},"17":{"start":{"line":33,"column":8},"end":{"line":33,"column":50}},"18":{"start":{"line":34,"column":8},"end":{"line":34,"column":45}},"19":{"start":{"line":35,"column":8},"end":{"line":35,"column":62}},"20":{"start":{"line":36,"column":8},"end":{"line":36,"column":64}},"21":{"start":{"line":37,"column":8},"end":{"line":37,"column":53}},"22":{"start":{"line":38,"column":8},"end":{"line":38,"column":56}},"23":{"start":{"line":39,"column":8},"end":{"line":39,"column":49}},"24":{"start":{"line":40,"column":8},"end":{"line":40,"column":55}},"25":{"start":{"line":42,"column":8},"end":{"line":42,"column":48}},"26":{"start":{"line":44,"column":8},"end":{"line":44,"column":53}},"27":{"start":{"line":50,"column":0},"end":{"line":50,"column":24}}},"fnMap":{"0":{"name":"createMovie","decl":{"start":{"line":9,"column":15},"end":{"line":9,"column":26}},"loc":{"start":{"line":9,"column":69},"end":{"line":29,"column":1}},"line":9},"1":{"name":"(anonymous_1)","decl":{"start":{"line":31,"column":20},"end":{"line":31,"column":21}},"loc":{"start":{"line":31,"column":40},"end":{"line":46,"column":1}},"line":31}},"branchMap":{"0":{"loc":{"start":{"line":12,"column":8},"end":{"line":15,"column":9}},"type":"if","locations":[{"start":{"line":12,"column":8},"end":{"line":15,"column":9}},{"start":{},"end":{}}],"line":12}},"s":{"0":2,"1":2,"2":2,"3":2,"4":2,"5":2,"6":0,"7":0,"8":0,"9":0,"10":0,"11":0,"12":0,"13":0,"14":0,"15":2,"16":0,"17":0,"18":0,"19":0,"20":0,"21":0,"22":0,"23":0,"24":0,"25":0,"26":0,"27":2},"f":{"0":0,"1":0},"b":{"0":[0,0]},"_coverageSchema":"1a1c01bbd47fc00a2c39e90264f33305004495a9","hash":"e194273d2e12a7c3eb875613b4be691973082486"}
,"/Users/macbookair/vildy/routes/rental.js": {"path":"/Users/macbookair/vildy/routes/rental.js","statementMap":{"0":{"start":{"line":1,"column":16},"end":{"line":1,"column":34}},"1":{"start":{"line":2,"column":15},"end":{"line":2,"column":31}},"2":{"start":{"line":3,"column":35},"end":{"line":3,"column":63}},"3":{"start":{"line":4,"column":14},"end":{"line":4,"column":41}},"4":{"start":{"line":5,"column":15},"end":{"line":5,"column":42}},"5":{"start":{"line":6,"column":19},"end":{"line":6,"column":47}},"6":{"start":{"line":7,"column":0},"end":{"line":7,"column":27}},"7":{"start":{"line":10,"column":4},"end":{"line":37,"column":5}},"8":{"start":{"line":11,"column":26},"end":{"line":11,"column":69}},"9":{"start":{"line":12,"column":28},"end":{"line":12,"column":71}},"10":{"start":{"line":13,"column":8},"end":{"line":16,"column":9}},"11":{"start":{"line":14,"column":12},"end":{"line":14,"column":40}},"12":{"start":{"line":15,"column":12},"end":{"line":15,"column":19}},"13":{"start":{"line":17,"column":23},"end":{"line":32,"column":10}},"14":{"start":{"line":33,"column":23},"end":{"line":33,"column":42}},"15":{"start":{"line":34,"column":8},"end":{"line":34,"column":28}},"16":{"start":{"line":36,"column":8},"end":{"line":36,"column":27}},"17":{"start":{"line":40,"column":0},"end":{"line":43,"column":3}},"18":{"start":{"line":41,"column":20},"end":{"line":41,"column":56}},"19":{"start":{"line":42,"column":4},"end":{"line":42,"column":22}},"20":{"start":{"line":45,"column":27},"end":{"line":47,"column":1}},"21":{"start":{"line":49,"column":0},"end":{"line":77,"column":3}},"22":{"start":{"line":50,"column":16},"end":{"line":50,"column":56}},"23":{"start":{"line":51,"column":18},"end":{"line":51,"column":56}},"24":{"start":{"line":52,"column":4},"end":{"line":76,"column":5}},"25":{"start":{"line":53,"column":8},"end":{"line":55,"column":9}},"26":{"start":{"line":54,"column":12},"end":{"line":54,"column":44}},"27":{"start":{"line":56,"column":21},"end":{"line":68,"column":10}},"28":{"start":{"line":69,"column":8},"end":{"line":69,"column":32}},"29":{"start":{"line":70,"column":23},"end":{"line":70,"column":42}},"30":{"start":{"line":71,"column":8},"end":{"line":71,"column":21}},"31":{"start":{"line":72,"column":8},"end":{"line":72,"column":28}},"32":{"start":{"line":73,"column":8},"end":{"line":73,"column":25}},"33":{"start":{"line":75,"column":8},"end":{"line":75,"column":27}},"34":{"start":{"line":79,"column":0},"end":{"line":83,"column":3}},"35":{"start":{"line":80,"column":22},"end":{"line":80,"column":35}},"36":{"start":{"line":81,"column":19},"end":{"line":81,"column":60}},"37":{"start":{"line":82,"column":4},"end":{"line":82,"column":24}},"38":{"start":{"line":85,"column":0},"end":{"line":85,"column":24}}},"fnMap":{"0":{"name":"addRental","decl":{"start":{"line":9,"column":15},"end":{"line":9,"column":24}},"loc":{"start":{"line":9,"column":85},"end":{"line":38,"column":1}},"line":9},"1":{"name":"(anonymous_1)","decl":{"start":{"line":40,"column":16},"end":{"line":40,"column":17}},"loc":{"start":{"line":40,"column":36},"end":{"line":43,"column":1}},"line":40},"2":{"name":"(anonymous_2)","decl":{"start":{"line":49,"column":37},"end":{"line":49,"column":38}},"loc":{"start":{"line":49,"column":57},"end":{"line":77,"column":1}},"line":49},"3":{"name":"(anonymous_3)","decl":{"start":{"line":79,"column":22},"end":{"line":79,"column":23}},"loc":{"start":{"line":79,"column":42},"end":{"line":83,"column":1}},"line":79}},"branchMap":{"0":{"loc":{"start":{"line":13,"column":8},"end":{"line":16,"column":9}},"type":"if","locations":[{"start":{"line":13,"column":8},"end":{"line":16,"column":9}},{"start":{},"end":{}}],"line":13},"1":{"loc":{"start":{"line":13,"column":12},"end":{"line":13,"column":38}},"type":"binary-expr","locations":[{"start":{"line":13,"column":12},"end":{"line":13,"column":22}},{"start":{"line":13,"column":26},"end":{"line":13,"column":38}}],"line":13},"2":{"loc":{"start":{"line":53,"column":8},"end":{"line":55,"column":9}},"type":"if","locations":[{"start":{"line":53,"column":8},"end":{"line":55,"column":9}},{"start":{},"end":{}}],"line":53},"3":{"loc":{"start":{"line":53,"column":12},"end":{"line":53,"column":26}},"type":"binary-expr","locations":[{"start":{"line":53,"column":12},"end":{"line":53,"column":16}},{"start":{"line":53,"column":20},"end":{"line":53,"column":26}}],"line":53}},"s":{"0":2,"1":2,"2":2,"3":2,"4":2,"5":2,"6":2,"7":0,"8":0,"9":0,"10":0,"11":0,"12":0,"13":0,"14":0,"15":0,"16":0,"17":2,"18":0,"19":0,"20":2,"21":2,"22":0,"23":0,"24":0,"25":0,"26":0,"27":0,"28":0,"29":0,"30":0,"31":0,"32":0,"33":0,"34":2,"35":0,"36":0,"37":0,"38":2},"f":{"0":0,"1":0,"2":0,"3":0},"b":{"0":[0,0],"1":[0,0],"2":[0,0],"3":[0,0]},"_coverageSchema":"1a1c01bbd47fc00a2c39e90264f33305004495a9","hash":"da3e4d558436ba869dd76700d5c3c39ee8211917"}
,"/Users/macbookair/vildy/routes/users.js": {"path":"/Users/macbookair/vildy/routes/users.js","statementMap":{"0":{"start":{"line":1,"column":16},"end":{"line":1,"column":34}},"1":{"start":{"line":2,"column":15},"end":{"line":2,"column":31}},"2":{"start":{"line":3,"column":35},"end":{"line":3,"column":63}},"3":{"start":{"line":4,"column":13},"end":{"line":4,"column":39}},"4":{"start":{"line":5,"column":15},"end":{"line":5,"column":32}},"5":{"start":{"line":6,"column":15},"end":{"line":6,"column":32}},"6":{"start":{"line":7,"column":12},"end":{"line":7,"column":35}},"7":{"start":{"line":8,"column":13},"end":{"line":8,"column":43}},"8":{"start":{"line":10,"column":0},"end":{"line":10,"column":27}},"9":{"start":{"line":12,"column":27},"end":{"line":15,"column":1}},"10":{"start":{"line":17,"column":0},"end":{"line":20,"column":3}},"11":{"start":{"line":18,"column":18},"end":{"line":18,"column":35}},"12":{"start":{"line":19,"column":4},"end":{"line":19,"column":20}},"13":{"start":{"line":22,"column":0},"end":{"line":27,"column":3}},"14":{"start":{"line":25,"column":17},"end":{"line":25,"column":70}},"15":{"start":{"line":26,"column":4},"end":{"line":26,"column":19}},"16":{"start":{"line":29,"column":0},"end":{"line":63,"column":3}},"17":{"start":{"line":30,"column":19},"end":{"line":30,"column":40}},"18":{"start":{"line":31,"column":4},"end":{"line":34,"column":5}},"19":{"start":{"line":32,"column":8},"end":{"line":32,"column":58}},"20":{"start":{"line":32,"column":48},"end":{"line":32,"column":55}},"21":{"start":{"line":33,"column":8},"end":{"line":33,"column":64}},"22":{"start":{"line":35,"column":15},"end":{"line":35,"column":60}},"23":{"start":{"line":36,"column":4},"end":{"line":38,"column":5}},"24":{"start":{"line":37,"column":8},"end":{"line":37,"column":68}},"25":{"start":{"line":40,"column":4},"end":{"line":47,"column":6}},"26":{"start":{"line":48,"column":17},"end":{"line":48,"column":41}},"27":{"start":{"line":49,"column":4},"end":{"line":49,"column":59}},"28":{"start":{"line":50,"column":4},"end":{"line":62,"column":5}},"29":{"start":{"line":51,"column":23},"end":{"line":51,"column":40}},"30":{"start":{"line":53,"column":24},"end":{"line":53,"column":64}},"31":{"start":{"line":54,"column":26},"end":{"line":54,"column":53}},"32":{"start":{"line":55,"column":22},"end":{"line":55,"column":50}},"33":{"start":{"line":58,"column":8},"end":{"line":58,"column":53}},"34":{"start":{"line":59,"column":8},"end":{"line":59,"column":27}},"35":{"start":{"line":61,"column":8},"end":{"line":61,"column":25}},"36":{"start":{"line":67,"column":20},"end":{"line":67,"column":35}},"37":{"start":{"line":68,"column":22},"end":{"line":68,"column":49}},"38":{"start":{"line":69,"column":18},"end":{"line":69,"column":46}},"39":{"start":{"line":71,"column":4},"end":{"line":71,"column":43}},"40":{"start":{"line":77,"column":0},"end":{"line":77,"column":24}}},"fnMap":{"0":{"name":"(anonymous_0)","decl":{"start":{"line":17,"column":16},"end":{"line":17,"column":17}},"loc":{"start":{"line":17,"column":36},"end":{"line":20,"column":1}},"line":17},"1":{"name":"(anonymous_1)","decl":{"start":{"line":22,"column":24},"end":{"line":22,"column":25}},"loc":{"start":{"line":22,"column":44},"end":{"line":27,"column":1}},"line":22},"2":{"name":"(anonymous_2)","decl":{"start":{"line":29,"column":37},"end":{"line":29,"column":38}},"loc":{"start":{"line":29,"column":57},"end":{"line":63,"column":1}},"line":29},"3":{"name":"(anonymous_3)","decl":{"start":{"line":32,"column":39},"end":{"line":32,"column":40}},"loc":{"start":{"line":32,"column":48},"end":{"line":32,"column":55}},"line":32},"4":{"name":"generateToken","decl":{"start":{"line":66,"column":9},"end":{"line":66,"column":22}},"loc":{"start":{"line":66,"column":31},"end":{"line":72,"column":1}},"line":66}},"branchMap":{"0":{"loc":{"start":{"line":31,"column":4},"end":{"line":34,"column":5}},"type":"if","locations":[{"start":{"line":31,"column":4},"end":{"line":34,"column":5}},{"start":{},"end":{}}],"line":31},"1":{"loc":{"start":{"line":36,"column":4},"end":{"line":38,"column":5}},"type":"if","locations":[{"start":{"line":36,"column":4},"end":{"line":38,"column":5}},{"start":{},"end":{}}],"line":36}},"s":{"0":2,"1":2,"2":2,"3":2,"4":2,"5":2,"6":2,"7":2,"8":2,"9":2,"10":2,"11":0,"12":0,"13":2,"14":0,"15":0,"16":2,"17":0,"18":0,"19":0,"20":0,"21":0,"22":0,"23":0,"24":0,"25":0,"26":0,"27":0,"28":0,"29":0,"30":0,"31":0,"32":0,"33":0,"34":0,"35":0,"36":0,"37":0,"38":0,"39":0,"40":2},"f":{"0":0,"1":0,"2":0,"3":0,"4":0},"b":{"0":[0,0],"1":[0,0]},"_coverageSchema":"1a1c01bbd47fc00a2c39e90264f33305004495a9","hash":"78a12b4de82d6995c51024b5ec04961f4f727c55"}
,"/Users/macbookair/vildy/startup/config.js": {"path":"/Users/macbookair/vildy/startup/config.js","statementMap":{"0":{"start":{"line":1,"column":15},"end":{"line":1,"column":32}},"1":{"start":{"line":4,"column":4},"end":{"line":4,"column":57}},"2":{"start":{"line":5,"column":4},"end":{"line":5,"column":60}},"3":{"start":{"line":7,"column":19},"end":{"line":7,"column":46}},"4":{"start":{"line":8,"column":4},"end":{"line":10,"column":5}},"5":{"start":{"line":9,"column":8},"end":{"line":9,"column":56}},"6":{"start":{"line":13,"column":0},"end":{"line":13,"column":30}}},"fnMap":{"0":{"name":"clean_config","decl":{"start":{"line":3,"column":9},"end":{"line":3,"column":21}},"loc":{"start":{"line":3,"column":24},"end":{"line":11,"column":1}},"line":3}},"branchMap":{"0":{"loc":{"start":{"line":8,"column":4},"end":{"line":10,"column":5}},"type":"if","locations":[{"start":{"line":8,"column":4},"end":{"line":10,"column":5}},{"start":{},"end":{}}],"line":8}},"s":{"0":2,"1":2,"2":2,"3":2,"4":2,"5":0,"6":2},"f":{"0":2},"b":{"0":[0,2]},"_coverageSchema":"1a1c01bbd47fc00a2c39e90264f33305004495a9","hash":"3ca7df1e6e005eec620c7bd193f88eaed1d03914"}
,"/Users/macbookair/vildy/startup/db.js": {"path":"/Users/macbookair/vildy/startup/db.js","statementMap":{"0":{"start":{"line":1,"column":16},"end":{"line":1,"column":34}},"1":{"start":{"line":2,"column":17},"end":{"line":2,"column":36}},"2":{"start":{"line":3,"column":15},"end":{"line":3,"column":32}},"3":{"start":{"line":5,"column":15},"end":{"line":5,"column":31}},"4":{"start":{"line":6,"column":4},"end":{"line":7,"column":53}},"5":{"start":{"line":7,"column":20},"end":{"line":7,"column":51}},"6":{"start":{"line":11,"column":0},"end":{"line":11,"column":26}}},"fnMap":{"0":{"name":"clean_db","decl":{"start":{"line":4,"column":9},"end":{"line":4,"column":17}},"loc":{"start":{"line":4,"column":20},"end":{"line":9,"column":1}},"line":4},"1":{"name":"(anonymous_1)","decl":{"start":{"line":7,"column":14},"end":{"line":7,"column":15}},"loc":{"start":{"line":7,"column":20},"end":{"line":7,"column":51}},"line":7}},"branchMap":{},"s":{"0":2,"1":2,"2":2,"3":2,"4":2,"5":2,"6":2},"f":{"0":2,"1":2},"b":{},"_coverageSchema":"1a1c01bbd47fc00a2c39e90264f33305004495a9","hash":"540716ada6bbaba5c9b8b42d7ffbaf392281cc7e"}
,"/Users/macbookair/vildy/startup/log.js": {"path":"/Users/macbookair/vildy/startup/log.js","statementMap":{"0":{"start":{"line":1,"column":0},"end":{"line":1,"column":32}},"1":{"start":{"line":3,"column":16},"end":{"line":3,"column":34}},"2":{"start":{"line":4,"column":0},"end":{"line":4,"column":27}},"3":{"start":{"line":7,"column":4},"end":{"line":27,"column":7}},"4":{"start":{"line":30,"column":0},"end":{"line":30,"column":27}}},"fnMap":{"0":{"name":"clean_log","decl":{"start":{"line":6,"column":9},"end":{"line":6,"column":18}},"loc":{"start":{"line":6,"column":21},"end":{"line":28,"column":1}},"line":6}},"branchMap":{},"s":{"0":2,"1":2,"2":2,"3":2,"4":2},"f":{"0":2},"b":{},"_coverageSchema":"1a1c01bbd47fc00a2c39e90264f33305004495a9","hash":"79abdebd4597e4b9c5cea47cbe71024f27105b2b"}
,"/Users/macbookair/vildy/startup/routes.js": {"path":"/Users/macbookair/vildy/startup/routes.js","statementMap":{"0":{"start":{"line":1,"column":16},"end":{"line":1,"column":34}},"1":{"start":{"line":3,"column":15},"end":{"line":3,"column":42}},"2":{"start":{"line":4,"column":13},"end":{"line":4,"column":38}},"3":{"start":{"line":5,"column":16},"end":{"line":5,"column":44}},"4":{"start":{"line":6,"column":15},"end":{"line":6,"column":42}},"5":{"start":{"line":7,"column":16},"end":{"line":7,"column":43}},"6":{"start":{"line":8,"column":14},"end":{"line":8,"column":40}},"7":{"start":{"line":9,"column":13},"end":{"line":9,"column":38}},"8":{"start":{"line":11,"column":25},"end":{"line":11,"column":56}},"9":{"start":{"line":14,"column":4},"end":{"line":14,"column":28}},"10":{"start":{"line":15,"column":4},"end":{"line":15,"column":35}},"11":{"start":{"line":16,"column":4},"end":{"line":16,"column":23}},"12":{"start":{"line":17,"column":4},"end":{"line":17,"column":37}},"13":{"start":{"line":18,"column":4},"end":{"line":18,"column":35}},"14":{"start":{"line":19,"column":4},"end":{"line":19,"column":37}},"15":{"start":{"line":20,"column":4},"end":{"line":20,"column":33}},"16":{"start":{"line":21,"column":4},"end":{"line":21,"column":31}},"17":{"start":{"line":22,"column":4},"end":{"line":22,"column":30}},"18":{"start":{"line":25,"column":0},"end":{"line":25,"column":30}}},"fnMap":{"0":{"name":"clean_routes","decl":{"start":{"line":13,"column":9},"end":{"line":13,"column":21}},"loc":{"start":{"line":13,"column":27},"end":{"line":23,"column":1}},"line":13}},"branchMap":{},"s":{"0":2,"1":2,"2":2,"3":2,"4":2,"5":2,"6":2,"7":2,"8":2,"9":2,"10":2,"11":2,"12":2,"13":2,"14":2,"15":2,"16":2,"17":2,"18":2},"f":{"0":2},"b":{},"_coverageSchema":"1a1c01bbd47fc00a2c39e90264f33305004495a9","hash":"f71aaa8f1b751d169cb07a5503dcb744b8616d5f"}
}
