TN:
SF:app.js
FN:32,(anonymous_0)
FNF:1
FNH:1
FNDA:2,(anonymous_0)
DA:1,2
DA:2,2
DA:3,2
DA:4,2
DA:6,2
DA:9,2
DA:10,2
DA:11,2
DA:12,2
DA:14,2
DA:16,2
DA:17,2
DA:18,2
DA:20,2
DA:21,2
DA:22,0
DA:23,0
DA:24,0
DA:28,2
DA:29,2
DA:31,2
DA:32,2
DA:33,2
DA:36,2
LF:24
LH:21
BRDA:21,0,0,0
BRDA:21,0,1,2
BRDA:31,1,0,2
BRDA:31,1,1,2
BRF:4
BRH:3
end_of_record
TN:
SF:middlewares/admin.js
FN:1,auth
FNF:1
FNH:0
FNDA:0,auth
DA:4,0
DA:5,0
DA:8,0
DA:11,2
LF:4
LH:1
BRDA:4,0,0,0
BRDA:4,0,1,0
BRF:2
BRH:0
end_of_record
TN:
SF:middlewares/auth.js
FN:4,auth
FNF:1
FNH:1
FNDA:6,auth
DA:1,2
DA:2,2
DA:5,6
DA:6,6
DA:8,6
DA:9,2
DA:11,4
DA:12,4
DA:13,4
DA:14,4
DA:16,0
DA:20,2
LF:12
LH:11
BRDA:8,0,0,2
BRDA:8,0,1,4
BRF:2
BRH:2
end_of_record
TN:
SF:middlewares/error.js
FN:2,errHandler
FNF:1
FNH:0
FNDA:0,errHandler
DA:1,2
DA:3,0
DA:4,0
DA:19,2
LF:4
LH:2
BRF:0
BRH:0
end_of_record
TN:
SF:models/genre.js
FNF:0
FNH:0
DA:2,2
DA:4,2
DA:8,2
DA:10,2
LF:4
LH:4
BRF:0
BRH:0
end_of_record
TN:
SF:models/members.js
FN:12,createMember
FNF:1
FNH:0
FNDA:0,createMember
DA:1,2
DA:3,2
DA:10,2
DA:13,0
DA:18,0
DA:19,0
DA:20,0
DA:22,0
DA:26,2
LF:9
LH:4
BRF:0
BRH:0
end_of_record
TN:
SF:models/movies.js
FNF:0
FNH:0
DA:1,2
DA:3,2
DA:28,2
DA:30,2
LF:4
LH:4
BRF:0
BRH:0
end_of_record
TN:
SF:models/rental.js
FNF:0
FNH:0
DA:1,2
DA:3,2
DA:57,2
LF:3
LH:3
BRF:0
BRH:0
end_of_record
TN:
SF:models/users.js
FN:30,(anonymous_0)
FNF:1
FNH:0
FNDA:0,(anonymous_0)
DA:1,3
DA:2,3
DA:3,3
DA:4,3
DA:30,3
DA:31,0
DA:32,0
DA:33,0
DA:34,0
DA:36,3
DA:38,3
LF:11
LH:7
BRF:0
BRH:0
end_of_record
TN:
SF:routes/auth.js
FN:16,(anonymous_0)
FN:21,(anonymous_1)
FNF:2
FNH:0
FNDA:0,(anonymous_0)
FNDA:0,(anonymous_1)
DA:1,2
DA:2,2
DA:3,2
DA:4,2
DA:5,2
DA:6,2
DA:7,2
DA:8,2
DA:9,2
DA:11,2
DA:16,2
DA:17,0
DA:18,0
DA:21,2
DA:22,0
DA:23,0
DA:24,0
DA:25,0
DA:28,0
DA:29,0
DA:30,0
DA:33,0
DA:34,0
DA:35,0
DA:37,0
DA:38,0
DA:40,0
DA:41,0
DA:45,2
LF:29
LH:13
BRDA:24,0,0,0
BRDA:24,0,1,0
BRDA:29,1,0,0
BRDA:29,1,1,0
BRDA:34,2,0,0
BRDA:34,2,1,0
BRF:6
BRH:0
end_of_record
TN:
SF:routes/genres.js
FN:14,createGenre
FN:28,(anonymous_1)
FN:34,(anonymous_2)
FN:48,(anonymous_3)
FN:53,(anonymous_4)
FN:74,(anonymous_5)
FN:95,(anonymous_6)
FNF:7
FNH:4
FNDA:0,createGenre
FNDA:1,(anonymous_1)
FNDA:2,(anonymous_2)
FNDA:4,(anonymous_3)
FNDA:1,(anonymous_4)
FNDA:0,(anonymous_5)
FNDA:0,(anonymous_6)
DA:2,2
DA:3,2
DA:4,2
DA:5,2
DA:6,2
DA:7,2
DA:8,2
DA:10,2
DA:15,0
DA:18,0
DA:19,0
DA:20,0
DA:22,0
DA:28,2
DA:30,1
DA:31,1
DA:34,2
DA:35,2
DA:36,2
DA:37,2
DA:38,2
DA:39,1
DA:41,1
DA:44,0
DA:48,2
DA:51,4
DA:52,4
DA:53,1
DA:54,1
DA:57,3
DA:60,3
DA:61,3
DA:62,3
DA:63,3
DA:65,0
DA:70,2
DA:74,2
DA:75,0
DA:76,0
DA:77,0
DA:84,0
DA:85,0
DA:87,0
DA:90,0
DA:91,0
DA:95,2
DA:96,0
DA:97,0
DA:98,0
DA:99,0
DA:100,0
DA:102,0
DA:103,0
DA:107,2
LF:54
LH:32
BRDA:38,0,0,1
BRDA:38,0,1,1
BRDA:52,1,0,1
BRDA:52,1,1,3
BRDA:84,2,0,0
BRDA:84,2,1,0
BRF:6
BRH:4
end_of_record
TN:
SF:routes/home.js
FN:4,(anonymous_0)
FNF:1
FNH:0
FNDA:0,(anonymous_0)
DA:1,2
DA:2,2
DA:4,2
DA:5,0
DA:8,2
LF:5
LH:4
BRF:0
BRH:0
end_of_record
TN:
SF:routes/members.js
FN:8,(anonymous_0)
FN:13,(anonymous_1)
FN:31,(anonymous_2)
FN:36,(anonymous_3)
FN:58,(anonymous_4)
FN:81,(anonymous_5)
FNF:6
FNH:0
FNDA:0,(anonymous_0)
FNDA:0,(anonymous_1)
FNDA:0,(anonymous_2)
FNDA:0,(anonymous_3)
FNDA:0,(anonymous_4)
FNDA:0,(anonymous_5)
DA:1,2
DA:2,2
DA:3,2
DA:4,2
DA:6,2
DA:8,2
DA:9,0
DA:10,0
DA:13,2
DA:14,0
DA:15,0
DA:16,0
DA:17,0
DA:18,0
DA:20,0
DA:23,0
DA:27,2
DA:31,2
DA:32,0
DA:34,0
DA:35,0
DA:36,0
DA:37,0
DA:40,0
DA:45,0
DA:46,0
DA:47,0
DA:48,0
DA:50,0
DA:54,2
DA:58,2
DA:59,0
DA:60,0
DA:61,0
DA:70,0
DA:71,0
DA:73,0
DA:76,0
DA:77,0
DA:81,2
DA:82,0
DA:83,0
DA:84,0
DA:85,0
DA:86,0
DA:88,0
DA:89,0
DA:93,2
LF:48
LH:13
BRDA:17,0,0,0
BRDA:17,0,1,0
BRDA:35,1,0,0
BRDA:35,1,1,0
BRDA:70,2,0,0
BRDA:70,2,1,0
BRF:6
BRH:0
end_of_record
TN:
SF:routes/movies.js
FN:9,createMovie
FN:31,(anonymous_1)
FNF:2
FNH:0
FNDA:0,createMovie
FNDA:0,(anonymous_1)
DA:1,2
DA:2,2
DA:3,2
DA:4,2
DA:5,2
DA:7,2
DA:10,0
DA:11,0
DA:12,0
DA:13,0
DA:14,0
DA:17,0
DA:24,0
DA:25,0
DA:27,0
DA:31,2
DA:32,0
DA:33,0
DA:34,0
DA:35,0
DA:36,0
DA:37,0
DA:38,0
DA:39,0
DA:40,0
DA:42,0
DA:44,0
DA:50,2
LF:28
LH:8
BRDA:12,0,0,0
BRDA:12,0,1,0
BRF:2
BRH:0
end_of_record
TN:
SF:routes/rental.js
FN:9,addRental
FN:40,(anonymous_1)
FN:49,(anonymous_2)
FN:79,(anonymous_3)
FNF:4
FNH:0
FNDA:0,addRental
FNDA:0,(anonymous_1)
FNDA:0,(anonymous_2)
FNDA:0,(anonymous_3)
DA:1,2
DA:2,2
DA:3,2
DA:4,2
DA:5,2
DA:6,2
DA:7,2
DA:10,0
DA:11,0
DA:12,0
DA:13,0
DA:14,0
DA:15,0
DA:17,0
DA:33,0
DA:34,0
DA:36,0
DA:40,2
DA:41,0
DA:42,0
DA:45,2
DA:49,2
DA:50,0
DA:51,0
DA:52,0
DA:53,0
DA:54,0
DA:56,0
DA:69,0
DA:70,0
DA:71,0
DA:72,0
DA:73,0
DA:75,0
DA:79,2
DA:80,0
DA:81,0
DA:82,0
DA:85,2
LF:39
LH:12
BRDA:13,0,0,0
BRDA:13,0,1,0
BRDA:13,1,0,0
BRDA:13,1,1,0
BRDA:53,2,0,0
BRDA:53,2,1,0
BRDA:53,3,0,0
BRDA:53,3,1,0
BRF:8
BRH:0
end_of_record
TN:
SF:routes/users.js
FN:17,(anonymous_0)
FN:22,(anonymous_1)
FN:29,(anonymous_2)
FN:32,(anonymous_3)
FN:66,generateToken
FNF:5
FNH:0
FNDA:0,(anonymous_0)
FNDA:0,(anonymous_1)
FNDA:0,(anonymous_2)
FNDA:0,(anonymous_3)
FNDA:0,generateToken
DA:1,2
DA:2,2
DA:3,2
DA:4,2
DA:5,2
DA:6,2
DA:7,2
DA:8,2
DA:10,2
DA:12,2
DA:17,2
DA:18,0
DA:19,0
DA:22,2
DA:25,0
DA:26,0
DA:29,2
DA:30,0
DA:31,0
DA:32,0
DA:33,0
DA:35,0
DA:36,0
DA:37,0
DA:40,0
DA:48,0
DA:49,0
DA:50,0
DA:51,0
DA:53,0
DA:54,0
DA:55,0
DA:58,0
DA:59,0
DA:61,0
DA:67,0
DA:68,0
DA:69,0
DA:71,0
DA:77,2
LF:40
LH:14
BRDA:31,0,0,0
BRDA:31,0,1,0
BRDA:36,1,0,0
BRDA:36,1,1,0
BRF:4
BRH:0
end_of_record
TN:
SF:startup/config.js
FN:3,clean_config
FNF:1
FNH:1
FNDA:2,clean_config
DA:1,2
DA:4,2
DA:5,2
DA:7,2
DA:8,2
DA:9,0
DA:13,2
LF:7
LH:6
BRDA:8,0,0,0
BRDA:8,0,1,2
BRF:2
BRH:1
end_of_record
TN:
SF:startup/db.js
FN:4,clean_db
FN:7,(anonymous_1)
FNF:2
FNH:2
FNDA:2,clean_db
FNDA:2,(anonymous_1)
DA:1,2
DA:2,2
DA:3,2
DA:5,2
DA:6,2
DA:7,2
DA:11,2
LF:7
LH:7
BRF:0
BRH:0
end_of_record
TN:
SF:startup/log.js
FN:6,clean_log
FNF:1
FNH:1
FNDA:2,clean_log
DA:1,2
DA:3,2
DA:4,2
DA:7,2
DA:30,2
LF:5
LH:5
BRF:0
BRH:0
end_of_record
TN:
SF:startup/routes.js
FN:13,clean_routes
FNF:1
FNH:1
FNDA:2,clean_routes
DA:1,2
DA:3,2
DA:4,2
DA:5,2
DA:6,2
DA:7,2
DA:8,2
DA:9,2
DA:11,2
DA:14,2
DA:15,2
DA:16,2
DA:17,2
DA:18,2
DA:19,2
DA:20,2
DA:21,2
DA:22,2
DA:25,2
LF:19
LH:19
BRF:0
BRH:0
end_of_record
